"../../../Engine/Content/Animation/DefaultAnimBoneCompressionSettings.uasset" 0
"../../../Engine/Content/Animation/DefaultAnimCurveCompressionSettings.uasset" 1
"../../../Engine/Content/EngineMaterials/T_Default_Material_Grid_N.uasset" 2
"../../../Engine/Content/EngineMaterials/T_Default_Material_Grid_M.uasset" 3
"../../../Engine/Content/Functions/Engine_MaterialFunctions01/Opacity/CameraDepthFade.uasset" 4
"../../../Engine/Content/EngineMaterials/WorldGridMaterial.uasset" 5
"../../../Engine/Content/ArtTools/RenderToTexture/Meshes/S_1_Unit_Plane.uasset" 6
"../../../Engine/Content/EngineMaterials/DefaultMaterial.uasset" 7
"../../../Engine/Content/BasicShapes/Cone.uasset" 8
"../../../Engine/Content/BasicShapes/Cube.uasset" 9
"../../../Engine/Content/BasicShapes/Plane.uasset" 10
"../../../Engine/Content/EditorLandscapeResources/DataLayer.uasset" 11
"../../../Engine/Content/EditorLandscapeResources/DefaultAlphaTexture.uasset" 12
"../../../Engine/Content/EditorMaterials/MAT_Groups_Toggle.uasset" 13
"../../../Engine/Content/EditorMaterials/MAT_Groups_Visibility.uasset" 14
"../../../Engine/Content/EditorMaterials/PreviewShadowIndicator.uasset" 15
"../../../Engine/Content/EditorMaterials/PreviewShadowIndicatorMaterial.uasset" 16
"../../../Engine/Content/EditorMaterials/MatineeGroups/MAT_ColorTrack.uasset" 17
"../../../Engine/Content/EditorMaterials/MatineeGroups/MAT_Groups_Anim.uasset" 18
"../../../Engine/Content/EditorMaterials/MatineeGroups/MAT_Groups_AudioMaster.uasset" 19
"../../../Engine/Content/EditorMaterials/MatineeGroups/MAT_Groups_Director.uasset" 20
"../../../Engine/Content/EditorMaterials/MatineeGroups/MAT_Groups_Event.uasset" 21
"../../../Engine/Content/EditorMaterials/MatineeGroups/MAT_Groups_Fade.uasset" 22
"../../../Engine/Content/EditorMaterials/MatineeGroups/MAT_Groups_Float.uasset" 23
"../../../Engine/Content/EditorMaterials/MatineeGroups/MAT_Groups_Move.uasset" 24
"../../../Engine/Content/EditorMaterials/MatineeGroups/MAT_Groups_Slomo.uasset" 25
"../../../Engine/Content/EditorMaterials/MatineeGroups/MAT_Groups_Sound.uasset" 26
"../../../Engine/Content/EditorMaterials/MatineeGroups/MAT_Groups_Vector.uasset" 27
"../../../Engine/Content/EditorMaterials/ParticleSystems/PSysThumbnail_NoImage.uasset" 28
"../../../Engine/Content/EditorMaterials/ParticleSystems/PSysThumbnail_OOD.uasset" 29
"../../../Engine/Content/EditorMaterials/Camera/CineMat.uasset" 30
"../../../Engine/Content/EditorMaterials/Camera/MI_CineMat_Rig.uasset" 31
"../../../Engine/Content/EditorMeshes/Camera/SM_CraneRig_Arm.uasset" 32
"../../../Engine/Content/EditorMeshes/Camera/SM_CraneRig_Base.uasset" 33
"../../../Engine/Content/EditorMeshes/Camera/SM_CraneRig_Body.uasset" 34
"../../../Engine/Content/EditorMeshes/Camera/SM_CraneRig_Mount.uasset" 35
"../../../Engine/Content/EditorMeshes/Camera/SM_RailRig_Mount.uasset" 36
"../../../Engine/Content/EditorMeshes/Camera/SM_RailRig_Track.uasset" 37
"../../../Engine/Content/EditorResources/BSPVertex.uasset" 38
"../../../Engine/Content/EditorResources/EmptyActor.uasset" 39
"../../../Engine/Content/EditorResources/S_Actor.uasset" 40
"../../../Engine/Content/EditorResources/S_Note.uasset" 41
"../../../Engine/Content/EditorResources/S_Solver.uasset" 42
"../../../Engine/Content/EditorResources/S_Terrain.uasset" 43
"../../../Engine/Content/EditorResources/S_Trigger.uasset" 44
"../../../Engine/Content/EditorResources/LightIcons/S_LightError.uasset" 45
"../../../Engine/Content/EditorResources/SequenceRecorder/Countdown.uasset" 46
"../../../Engine/Content/EditorResources/SequenceRecorder/RecordingIndicator.uasset" 47
"../../../Engine/Content/EngineDamageTypes/DmgTypeBP_Environmental.uasset" 48
"../../../Engine/Content/EngineDebugMaterials/DebugEditorMaterial.uasset" 49
"../../../Engine/Content/EngineDebugMaterials/DebugMeshMaterial.uasset" 50
"../../../Engine/Content/EngineDebugMaterials/M_SimpleUnlitTranslucent.uasset" 51
"../../../Engine/Content/EngineDebugMaterials/VolumeToRender.uasset" 52
"../../../Engine/Content/Functions/Engine_MaterialFunctions02/Utility/CameraDirectionVector.uasset" 53
"../../../Engine/Content/EngineDebugMaterials/M_VolumeRenderSphereTracePP.uasset" 54
"../../../Engine/Content/Functions/Engine_MaterialFunctions01/Shading/ConvertFromDiffSpec.uasset" 55
"../../../Engine/Content/EngineDebugMaterials/VertexColorMaterial.uasset" 56
"../../../Engine/Content/EngineDebugMaterials/WireframeMaterial.uasset" 57
"../../../Engine/Content/EngineFonts/Faces/RobotoRegular.uasset" 58
"../../../Engine/Content/EngineFonts/Faces/RobotoLight.uasset" 59
"../../../Engine/Content/EngineFonts/Faces/RobotoItalic.uasset" 60
"../../../Engine/Content/EngineFonts/Faces/RobotoBoldItalic.uasset" 61
"../../../Engine/Content/EngineFonts/Faces/RobotoBold.uasset" 62
"../../../Engine/Content/EngineFonts/Faces/DroidSansFallback.uasset" 63
"../../../Engine/Content/EngineFonts/Roboto.uasset" 64
"../../../Engine/Content/EngineMaterials/BaseFlattenNormalMap.uasset" 65
"../../../Engine/Content/EngineMaterials/BaseFlattenGrayscaleMap.uasset" 66
"../../../Engine/Content/EngineMaterials/BaseFlattenEmissiveMap.uasset" 67
"../../../Engine/Content/EngineMaterials/BaseFlattenDiffuseMap.uasset" 68
"../../../Engine/Content/EngineMaterials/BaseFlattenMaterial.uasset" 69
"../../../Engine/Content/EngineMaterials/BlueNoise.uasset" 70
"../../../Engine/Content/EngineMaterials/DefaultBloomKernel.uasset" 71
"../../../Engine/Content/EngineMaterials/DefaultBokeh.uasset" 72
"../../../Engine/Content/EngineMaterials/DefaultDiffuse.uasset" 73
"../../../Engine/Content/EngineMaterials/DefaultDeferredDecalMaterial.uasset" 74
"../../../Engine/Content/EngineMaterials/DefaultLightFunctionMaterial.uasset" 75
"../../../Engine/Content/EngineMaterials/DefaultPhysicalMaterial.uasset" 76
"../../../Engine/Content/Functions/Engine_MaterialFunctions02/Utility/BreakOutFloat2Components.uasset" 77
"../../../Engine/Content/EngineMaterials/DefaultPostProcessMaterial.uasset" 78
"../../../Engine/Content/EngineFonts/RobotoDistanceField.uasset" 79
"../../../Engine/Content/EngineMaterials/DefaultTextMaterialOpaque.uasset" 80
"../../../Engine/Content/EngineMaterials/DefaultWhiteGrid.uasset" 81
"../../../Engine/Content/EngineMaterials/DefaultWhiteGrid_Low.uasset" 82
"../../../Engine/Content/EngineMaterials/EmissiveMeshMaterial.uasset" 83
"../../../Engine/Content/EngineMaterials/GizmoMaterial.uasset" 84
"../../../Engine/Content/EngineMaterials/Good64x64TilingNoiseHighFreq.uasset" 85
"../../../Engine/Content/EngineMaterials/MiniFont.uasset" 86
"../../../Engine/Content/EngineMaterials/InvalidLightmapSettings.uasset" 87
"../../../Engine/Content/EngineMaterials/M_InvalidLightmapSettings.uasset" 88
"../../../Engine/Content/Functions/Engine_MaterialFunctions02/WorldPositionOffset/CameraOffset.uasset" 89
"../../../Engine/Content/EngineMaterials/PhAT_JointLimitMaterial.uasset" 90
"../../../Engine/Content/EngineMaterials/PreintegratedSkinBRDF.uasset" 91
"../../../Engine/Content/EngineMaterials/RemoveSurfaceMaterial.uasset" 92
"../../../Engine/Content/EngineMaterials/WeightMapPlaceholderTexture.uasset" 93
"../../../Engine/Content/EngineResources/WhiteSquareTexture.uasset" 94
"../../../Engine/Content/EngineMaterials/Widget3DPassThrough.uasset" 95
"../../../Engine/Content/EngineMaterials/Widget3DPassThrough_Masked.uasset" 96
"../../../Engine/Content/EngineMaterials/Widget3DPassThrough_Opaque.uasset" 97
"../../../Engine/Content/EngineMaterials/Widget3DPassThrough_Masked_OneSided.uasset" 98
"../../../Engine/Content/EngineMaterials/Widget3DPassThrough_Opaque_OneSided.uasset" 99
"../../../Engine/Content/EngineMaterials/Widget3DPassThrough_Translucent.uasset" 100
"../../../Engine/Content/EngineMaterials/Widget3DPassThrough_Translucent_OneSided.uasset" 101
"../../../Engine/Content/EngineMeshes/Cylinder.uasset" 102
"../../../Engine/Content/EngineMeshes/Sphere.uasset" 103
"../../../Engine/Content/EngineResources/Black.uasset" 104
"../../../Engine/Content/EngineResources/DefaultTextureCube.uasset" 105
"../../../Engine/Content/EngineResources/DefaultVolumeTexture2D.uasset" 106
"../../../Engine/Content/EngineResources/DefaultVolumeTexture.uasset" 107
"../../../Engine/Content/EngineResources/GradientTexture0.uasset" 108
"../../../Engine/Content/EngineSky/VolumetricClouds/T_NoiseShape64.uasset" 109
"../../../Engine/Content/EngineSky/VolumetricClouds/T_VolumeNoiseShape64.uasset" 110
"../../../Engine/Content/EngineSky/VolumetricClouds/T_NoiseErosion.uasset" 111
"../../../Engine/Content/EngineSky/VolumetricClouds/T_VolumeNoiseErosion32.uasset" 112
"../../../Engine/Content/EngineSky/VolumetricClouds/CloudWeatherTexture.uasset" 113
"../../../Engine/Content/EngineSky/VolumetricClouds/CloudGradientTexture.uasset" 114
"../../../Engine/Content/Functions/Engine_MaterialFunctions02/Utility/MakeFloat2.uasset" 115
"../../../Engine/Content/EngineSky/VolumetricClouds/m_SimpleVolumetricCloud.uasset" 116
"../../../Engine/Content/EngineSky/VolumetricClouds/m_SimpleVolumetricCloud_Inst.uasset" 117
"../../../Engine/Content/EngineSounds/Master.uasset" 118
"../../../Engine/Content/Functions/Engine_MaterialFunctions01/Shading/PowerToRoughness.uasset" 119
"../../../Engine/Content/Maps/Templates/Thumbnails/Default.uasset" 120
"../../../Engine/Content/Maps/Templates/Thumbnails/TimeOfDay.uasset" 121
"../../../Engine/Content/Maps/Templates/Thumbnails/VR-Basic.uasset" 122
"../../../Engine/Content/MobileResources/T_MobileControls_texture.uasset" 123
"../../../Engine/Content/MobileResources/T_MobileMenu2.uasset" 124
"../../../Engine/Content/MobileResources/HUD/AnalogHat.uasset" 125
"../../../Engine/Content/MobileResources/HUD/VirtualJoystick_Thumb.uasset" 126
"../../../Engine/Content/MobileResources/HUD/VirtualJoystick_Background.uasset" 127
"../../../Engine/Content/MobileResources/HUD/DefaultVirtualJoysticks.uasset" 128
"../../../Engine/Content/MobileResources/HUD/LeftVirtualJoystickOnly.uasset" 129
"../../../Engine/Content/MobileResources/HUD/MobileHUDButton1_off.uasset" 130
"../../../Engine/Content/MobileResources/HUD/MobileHUDButton1_on.uasset" 131
"../../../Engine/Content/MobileResources/HUD/MobileHUDButton2_off.uasset" 132
"../../../Engine/Content/MobileResources/HUD/MobileHUDButton2_on.uasset" 133
"../../../Engine/Content/MobileResources/HUD/MobileHUDButton3.uasset" 134
"../../../Engine/Content/MobileResources/HUD/MobileHUDButtonFire.uasset" 135
"../../../Engine/Content/MobileResources/HUD/MobileHUDDirectionPad.uasset" 136
"../../../Engine/Content/MobileResources/HUD/MobileHUDDirectionPad2.uasset" 137
"../../../Engine/Content/MobileResources/HUD/MobileHUDDirectionPad3.uasset" 138
"../../../Engine/Content/MobileResources/HUD/MobileHUDDirectionStick.uasset" 139
"../../../Engine/Content/MobileResources/HUD/T_Castle_ThumbstickInner.uasset" 140
"../../../Engine/Content/MobileResources/HUD/T_Castle_ThumbstickOutter.uasset" 141
"../../../Engine/Content/Tutorial/ContentIntroCurve.uasset" 142
"../../../Engine/Content/Tutorial/Basics/LevelEditorAttract.uasset" 143
"../../../Engine/Content/Tutorial/BlueprintTutorials/TutorialAssets/Blueprint_64x.uasset" 144
"../../../Engine/Content/Tutorial/BlueprintTutorials/BlueprintEditorTutorial.uasset" 145
"../../../Engine/Content/VREditor/TransformGizmo/TranslucentTransformGizmoMaterial.uasset" 146
"../../../Engine/Content/VREditor/LaserPointer/VR_LaserPower_01.uasset" 147
"../../../Engine/Content/VREditor/TransformGizmo/TransformGizmoMaterial.uasset" 148
"../../../Engine/Content/VREditor/TransformGizmo/BoundingBoxCorner.uasset" 149
"../../../Engine/Content/VREditor/TransformGizmo/BoundingBoxEdge.uasset" 150
"../../../Engine/Content/VREditor/TransformGizmo/PlaneTranslationHandle.uasset" 151
"../../../Engine/Content/VREditor/TransformGizmo/Xray.uasset" 152
"../../../Engine/Content/VREditor/TransformGizmo/Main.uasset" 153
"../../../Engine/Content/VREditor/TransformGizmo/SM_Sequencer_Key.uasset" 154
"../../../Engine/Content/VREditor/TransformGizmo/SM_Sequencer_Node.uasset" 155
"../../Plugins/2D/Paper2D/Content/PlaceholderTextures/DummySpriteTexture.uasset" 156
"../../Plugins/2D/Paper2D/Content/DummySprite.uasset" 157
"../../Plugins/2D/Paper2D/Content/DefaultPaperTerrainMaterial.uasset" 158
"../../Plugins/2D/Paper2D/Content/DefaultSpriteMaterial.uasset" 159
"../../Plugins/2D/Paper2D/Content/MaskedUnlitSpriteMaterial.uasset" 160
"../../Plugins/2D/Paper2D/Content/OpaqueUnlitSpriteMaterial.uasset" 161
"../../../Engine/Content/Functions/Engine_MaterialFunctions02/ObjectLocalBounds.uasset" 162
"../../../Engine/Content/Functions/Engine_MaterialFunctions02/Utility/BreakOutFloat3Components.uasset" 163
"../../../Engine/Content/Functions/Engine_MaterialFunctions02/SafeNormalize.uasset" 164
"../../Plugins/Editor/SpeedTreeImporter/Content/SpeedTree9/UnpackInteger3.uasset" 165
"../../Plugins/Editor/SpeedTreeImporter/Content/SpeedTree9/UnpackDirection.uasset" 166
"../../Plugins/Editor/SpeedTreeImporter/Content/SpeedTree9/game_wind_noise.uasset" 167
"../../Plugins/Editor/SpeedTreeImporter/Content/SpeedTree9/SpeedTreeWindMotion.uasset" 168
"../../Plugins/Editor/SpeedTreeImporter/Content/SpeedTree9/SpeedTreeBranchMotion.uasset" 169
"../../../Engine/Content/Functions/Engine_MaterialFunctions02/UVs/BoundingBoxBased_0-1_UVW.uasset" 170
"../../Plugins/Editor/SpeedTreeImporter/Content/SpeedTree9/SpeedTreeWind.uasset" 171
"../../Plugins/Editor/SpeedTreeImporter/Content/SpeedTree9/SpeedTreeBillboard.uasset" 172
"../../../Engine/Content/EngineResources/DefaultTexture.uasset" 173
"../../Plugins/Editor/SpeedTreeImporter/Content/SpeedTree9/SpeedTreeBillboardMaster.uasset" 174
"../../Plugins/Editor/SpeedTreeImporter/Content/SpeedTree9/SpeedTreeCameraFacing.uasset" 175
"../../Plugins/Editor/SpeedTreeImporter/Content/SpeedTree9/SpeedTreeMaster.uasset" 176
"../../../Engine/Content/ArtTools/RenderToTexture/Materials/Debug/M_Emissive_Color.uasset" 177
"../../../Engine/Content/BasicShapes/Cylinder.uasset" 178
"../../Plugins/Lumin/MagicLeapPassableWorld/Content/MagicLeapARPinInfoActor.uasset" 179
"../../../Engine/Content/Functions/Engine_MaterialFunctions02/Utility/MakeFloat3.uasset" 180
"../../../Engine/Content/Functions/Engine_MaterialFunctions02/Utility/BreakOutFloat4Components.uasset" 181
"../../Plugins/Runtime/Oculus/OculusVR/Content/Materials/OculusMR_ChromaKey.uasset" 182
"../../Plugins/Runtime/Oculus/OculusVR/Content/Materials/OculusMR_OpaqueColoredMaterial.uasset" 183
"../../Plugins/Runtime/Oculus/OculusVR/Content/Materials/PokeAHoleMaterial.uasset" 184
"../../../../GIGWorlds/Content/ThirdPerson/Meshes/RampMaterial.uasset" 185
"../../../../GIGWorlds/Content/ThirdPerson/Meshes/RightArm_StaticMesh.uasset" 186
"../../../../GIGWorlds/Content/ThirdPerson/Meshes/Ramp_StaticMesh.uasset" 187
"../../../../GIGWorlds/Content/ThirdPerson/Meshes/Linear_Stair_StaticMesh.uasset" 188
"../../../../GIGWorlds/Content/ThirdPerson/Meshes/LeftArm_StaticMesh.uasset" 189
"../../../../GIGWorlds/Content/ThirdPerson/Meshes/Bump_StaticMesh.uasset" 190
"../../../../GIGWorlds/Content/Geometry/Meshes/CubeMaterial.uasset" 191
"../../../../GIGWorlds/Content/Geometry/Meshes/TemplateFloor.uasset" 192
"../../../../GIGWorlds/Content/Geometry/Meshes/1M_Cube_Chamfer.uasset" 193
"../../../../GIGWorlds/Content/Geometry/Meshes/1M_Cube.uasset" 194
"../../../Engine/Content/EngineSky/T_Sky_Stars.uasset" 195
"../../../Engine/Content/EngineSky/T_Sky_Clouds_M.uasset" 196
"../../../Engine/Content/EngineSky/T_Sky_Blue.uasset" 197
"../../../Engine/Content/EngineSky/M_Sky_Panning_Clouds2.uasset" 198
"../../../../GIGWorlds/Content/Games/Tag/MAP_Tag_BuiltData.uasset" 199
"../../../Engine/Content/EditorBlueprintResources/StandardMacros.uasset" 200
"../../../Engine/Content/EngineSky/SM_SkySphere.uasset" 201
"../../../Engine/Content/EngineSky/C_Sky_Zenith_Color.uasset" 202
"../../../Engine/Content/EngineSky/C_Sky_Horizon_Color.uasset" 203
"../../../Engine/Content/EngineSky/C_Sky_Cloud_Color.uasset" 204
"../../../Engine/Content/EngineSky/BP_Sky_Sphere.uasset" 205
"../../../../GIGWorlds/Content/Mannequin/Character/Mesh/SK_Mannequin_PhysicsAsset.uasset" 206
"../../../../GIGWorlds/Content/Mannequin/Character/Textures/T_UE4Logo_N.uasset" 207
"../../../../GIGWorlds/Content/Mannequin/Character/Textures/T_UE4Logo_Mask.uasset" 208
"../../../../GIGWorlds/Content/Mannequin/Character/Textures/T_Male_N.uasset" 209
"../../../../GIGWorlds/Content/Mannequin/Character/Textures/T_Male_Mask.uasset" 210
"../../../../GIGWorlds/Content/Mannequin/Character/Materials/MaterialLayers/T_ML_Rubber_Blue_01_N.uasset" 211
"../../../../GIGWorlds/Content/Mannequin/Character/Materials/MaterialLayers/T_ML_Rubber_Blue_01_D.uasset" 212
"../../../../GIGWorlds/Content/Mannequin/Character/Materials/MaterialLayers/T_ML_Aluminum01_N.uasset" 213
"../../../../GIGWorlds/Content/Mannequin/Character/Materials/MaterialLayers/T_ML_Aluminum01.uasset" 214
"../../../../GIGWorlds/Content/Mannequin/Character/Materials/MaterialLayers/ML_SoftMetal_UE4.uasset" 215
"../../../../GIGWorlds/Content/Mannequin/Character/Materials/MaterialLayers/ML_Plastic_Shiny_Beige_LOGO.uasset" 216
"../../../../GIGWorlds/Content/Mannequin/Character/Materials/MaterialLayers/ML_Plastic_Shiny_Beige.uasset" 217
"../../../../GIGWorlds/Content/Mannequin/Character/Materials/MaterialLayers/ML_GlossyBlack_Latex_UE4.uasset" 218
"../../../Engine/Content/Functions/MaterialLayerFunctions/MatLayerBlend_Simple.uasset" 219
"../../../Engine/Content/Functions/Engine_MaterialFunctions02/Utility/BlendAngleCorrectedNormals.uasset" 220
"../../../Engine/Content/Functions/MaterialLayerFunctions/MatLayerBlend_NormalBlend.uasset" 221
"../../../../GIGWorlds/Content/Mannequin/Character/Materials/M_Male_Body.uasset" 222
"../../../../GIGWorlds/Content/Mannequin/Character/Materials/M_UE4Man_ChestLogo.uasset" 223
"../../../../GIGWorlds/Content/Mannequin/Character/Mesh/UE4_Mannequin_Skeleton.uasset" 224
"../../../../GIGWorlds/Content/Mannequin/Character/Mesh/SK_Mannequin.uasset" 225
"../../../../GIGWorlds/Content/Mannequin/Animations/ThirdPersonWalk.uasset" 226
"../../../../GIGWorlds/Content/Mannequin/Animations/ThirdPersonRun.uasset" 227
"../../../../GIGWorlds/Content/Mannequin/Animations/ThirdPersonIdle.uasset" 228
"../../../../GIGWorlds/Content/Mannequin/Animations/ThirdPerson_IdleRun_2D.uasset" 229
"../../../../GIGWorlds/Content/Mannequin/Animations/ThirdPerson_Jump.uasset" 230
"../../../../GIGWorlds/Content/Mannequin/Animations/ThirdPersonJump_Start.uasset" 231
"../../../../GIGWorlds/Content/Mannequin/Animations/ThirdPersonJump_Loop.uasset" 232
"../../../../GIGWorlds/Content/Mannequin/Animations/ThirdPerson_AnimBP.uasset" 233
"../../../../GIGWorlds/Content/ThirdPersonCPP/Blueprints/BPI_Tag.uasset" 234
"../../../../GIGWorlds/Content/ThirdPersonCPP/Blueprints/ThirdPersonCharacter.uasset" 235
"../../../../GIGWorlds/Content/Games/Tag/PC_Tag.uasset" 236
"../../../../GIGWorlds/Content/Games/Tag/BP_SpawnPoint.uasset" 237
"../../../../GIGWorlds/Content/Games/Tag/A_Timer.uasset" 238
"../../../../GIGWorlds/Content/Games/Tag/GM_Tag.uasset" 239
"../../../../GIGWorlds/Content/AutomotiveMaterials/Textures/CarbonFiber/T_MetalFlakes_N.uasset" 240
"../../../Engine/Content/EngineMaterials/RandomAngles.uasset" 241
"../../../Engine/Content/Functions/Engine_MaterialFunctions02/Math/TimeWithSpeedVariable.uasset" 242
"../../../../GIGWorlds/Content/AutomotiveMaterials/Textures/CarPaint/T_FlakeMask.uasset" 243
"../../../Engine/Content/Functions/Engine_MaterialFunctions01/Gradient/LinearGradient.uasset" 244
"../../../Engine/Content/Functions/Engine_MaterialFunctions01/ImageAdjustment/CheapContrast.uasset" 245
"../../../Engine/Content/Functions/Engine_MaterialFunctions01/Texturing/WorldAlignedTexture.uasset" 246
"../../../../GIGWorlds/Content/AutomotiveMaterials/Materials/Functions/MF_Sparkle_random.uasset" 247
"../../../../GIGWorlds/Content/AutomotiveMaterials/Textures/CarPaint/T_Bump_N.uasset" 248
"../../../Engine/Content/Functions/Engine_MaterialFunctions02/Math/Transform3x3Matrix.uasset" 249
"../../../Engine/Content/Functions/Engine_MaterialFunctions02/Math/CreateThirdOrthogonalVector.uasset" 250
"../../../Engine/Content/Functions/Engine_MaterialFunctions02/WorldAlignedNormals_HighQuality.uasset" 251
"../../../Engine/Content/EngineMaterials/DefaultNormal_Uncompressed.uasset" 252
"../../../Engine/Content/Functions/Engine_MaterialFunctions02/Texturing/HeightLerpWithTwoHeightMaps.uasset" 253
"../../../Engine/Content/Functions/Engine_MaterialFunctions02/Texturing/WorldAlignedTextures_Complex.uasset" 254
"../../../../GIGWorlds/Content/AutomotiveMaterials/Materials/CarPaint/M_Carpaint.uasset" 255
"../../../../GIGWorlds/Content/AutomotiveMaterials/Materials/CarPaint/MI_CarPaint_05_White.uasset" 256
"../../../../GIGWorlds/Content/AutomotiveMaterials/Textures/CarbonFiber/T_CarbonFiber_Twill_R.uasset" 257
"../../../../GIGWorlds/Content/AutomotiveMaterials/Textures/CarbonFiber/T_CarbonFiber_Twill_N.uasset" 258
"../../../Engine/Content/Functions/Engine_MaterialFunctions02/Texturing/CustomRotator.uasset" 259
"../../../../GIGWorlds/Content/AutomotiveMaterials/Materials/CarbonFiber/M_CarbonFiber.uasset" 260
"../../../../GIGWorlds/Content/AutomotiveMaterials/Materials/CarbonFiber/MI_CarbonFiber.uasset" 261
"../../../../GIGWorlds/Content/AutomotiveMaterials/Textures/Alcantara/T_AlcantaraDetail_N.uasset" 262
"../../../../GIGWorlds/Content/AutomotiveMaterials/Textures/Alcantara/T_Alcantara_Scatter_N.uasset" 263
"../../../../GIGWorlds/Content/AutomotiveMaterials/Textures/Alcantara/T_Alcantara_R.uasset" 264
"../../../../GIGWorlds/Content/AutomotiveMaterials/Textures/Alcantara/T_Alcantara_BC.uasset" 265
"../../../Engine/Content/EngineMaterials/BlendFunc_DefBlend.uasset" 266
"../../../Engine/Content/EngineMaterials/BlendFunc_DefBase.uasset" 267
"../../../Engine/Content/Functions/Engine_MaterialFunctions03/Blends/Blend_Overlay.uasset" 268
"../../../../GIGWorlds/Content/AutomotiveMaterials/Materials/Alcantara/M_Alcantara.uasset" 269
"../../../../GIGWorlds/Content/AutomotiveMaterials/Materials/Alcantara/MI_Alcantara_Blue.uasset" 270
"../../../../GIGWorlds/Content/AutomotiveMaterials/Materials/Alcantara/MI_Alcantara_Grey.uasset" 271
"../../../../GIGWorlds/Content/Games/Tag/MAP_Tag.umap" 272
"../../../Engine/Content/MapTemplates/SM_Template_Map_Floor.uasset" 273
"../../../Engine/Content/EngineMeshes/T_Mat_UnrealTech_01_D.uasset" 274
"../../../Engine/Content/EngineMeshes/M_Mat_UnrealTech.uasset" 275
"../../../Engine/Content/EngineMeshes/SM_MatPreviewMesh_01.uasset" 276
"../../../Engine/Content/BasicShapes/Sphere.uasset" 277
"../../../Engine/Content/TemplateResources/M_Template_Master.uasset" 278
"../../../Engine/Content/TemplateResources/MI_Template_BaseGray_03_Metal.uasset" 279
"../../../Engine/Content/TemplateResources/MI_Template_BaseGray_02_Metal.uasset" 280
"../../../Engine/Content/MapTemplates/TilingNoise05.uasset" 281
"../../../Engine/Content/Functions/Engine_MaterialFunctions02/SplitComponents.uasset" 282
"../../../Engine/Content/EngineSky/M_SkyTimeOfDay.uasset" 283
"../../../../GIGWorlds/Content/Lobby/BP_NewCharacter.uasset" 284
"../../../../GIGWorlds/Content/Lobby/BP_Lobby.uasset" 285
"../../../../GIGWorlds/Content/Lobby/Map_Lobby.umap" 286
"../../../../GIGWorlds/Content/Lobby/MAP_Transition.umap" 287
